0 info it worked if it ends with ok
1 verbose cli [ 'C:\\Program Files (x86)\\nodejs\\node.exe',
1 verbose cli   'C:\\Program Files (x86)\\nodejs\\node_modules\\npm\\bin\\npm-cli.js',
1 verbose cli   'publis' ]
2 info using npm@3.10.10
3 info using node@v7.2.1
4 verbose publish [ '.' ]
5 silly cache add args [ '.', null ]
6 verbose cache add spec .
7 silly cache add parsed spec Result {
7 silly cache add   raw: '.',
7 silly cache add   scope: null,
7 silly cache add   escapedName: null,
7 silly cache add   name: null,
7 silly cache add   rawSpec: '.',
7 silly cache add   spec: 'D:\\001_Lab\\000_KL_Lab\\_git_pub\\mixin-interface',
7 silly cache add   type: 'directory' }
8 verbose addLocalDirectory C:\Users\maruti\AppData\Roaming\npm-cache\mixin-interface\4.3.1\package.tgz not in flight; packing
9 verbose correctMkdir C:\Users\maruti\AppData\Roaming\npm-cache correctMkdir not in flight; initializing
10 info lifecycle mixin-interface@4.3.1~prepublish: mixin-interface@4.3.1
11 silly lifecycle mixin-interface@4.3.1~prepublish: no script for prepublish, continuing
12 verbose tar pack [ 'C:\\Users\\maruti\\AppData\\Roaming\\npm-cache\\mixin-interface\\4.3.1\\package.tgz',
12 verbose tar pack   'D:\\001_Lab\\000_KL_Lab\\_git_pub\\mixin-interface' ]
13 verbose tarball C:\Users\maruti\AppData\Roaming\npm-cache\mixin-interface\4.3.1\package.tgz
14 verbose folder D:\001_Lab\000_KL_Lab\_git_pub\mixin-interface
15 verbose addLocalTarball adding from inside cache C:\Users\maruti\AppData\Roaming\npm-cache\mixin-interface\4.3.1\package.tgz
16 verbose correctMkdir C:\Users\maruti\AppData\Roaming\npm-cache correctMkdir not in flight; initializing
17 silly cache afterAdd mixin-interface@4.3.1
18 verbose afterAdd C:\Users\maruti\AppData\Roaming\npm-cache\mixin-interface\4.3.1\package\package.json not in flight; writing
19 verbose correctMkdir C:\Users\maruti\AppData\Roaming\npm-cache correctMkdir not in flight; initializing
20 verbose afterAdd C:\Users\maruti\AppData\Roaming\npm-cache\mixin-interface\4.3.1\package\package.json written
21 silly publish { name: 'mixin-interface',
21 silly publish   version: '4.3.1',
21 silly publish   description: 'An es6 (ECMAScript 2015) lightweight implementation of interface classes with `mixins`. Type checking and inheritance is also supported.',
21 silly publish   main: 'test.js',
21 silly publish   readme: 'README.md',
21 silly publish   scripts: { test: 'node test.js' },
21 silly publish   repository:
21 silly publish    { type: 'git',
21 silly publish      url: 'git+https://github.com/Echopraxium/mixin-interface.git' },
21 silly publish   keywords:
21 silly publish    [ 'es6',
21 silly publish      'interface',
21 silly publish      'class',
21 silly publish      'mixin',
21 silly publish      'mixins',
21 silly publish      'method',
21 silly publish      'javascript' ],
21 silly publish   author: { name: 'Michel Kern' },
21 silly publish   license: 'MIT',
21 silly publish   bugs: { url: 'https://github.com/Echopraxium/mixin-interface/issues' },
21 silly publish   homepage: 'https://github.com/Echopraxium/mixin-interface#readme',
21 silly publish   dependencies:
21 silly publish    { 'caller-id': '^0.1.0',
21 silly publish      'change-case': '^3.0.0',
21 silly publish      mixin: '^0.2.0' },
21 silly publish   devDependencies: {},
21 silly publish   gitHead: 'fb2a1514e6316267d7ff2f3aaee3b45c9e9e7aef',
21 silly publish   _id: 'mixin-interface@4.3.1',
21 silly publish   _shasum: 'd457f4219a373aaa3b2e07b5a3b496936ee57fdb',
21 silly publish   _from: '.' }
22 verbose getPublishConfig undefined
23 silly mapToRegistry name mixin-interface
24 silly mapToRegistry using default registry
25 silly mapToRegistry registry https://registry.npmjs.org/
26 silly mapToRegistry data Result {
26 silly mapToRegistry   raw: 'mixin-interface',
26 silly mapToRegistry   scope: null,
26 silly mapToRegistry   escapedName: 'mixin-interface',
26 silly mapToRegistry   name: 'mixin-interface',
26 silly mapToRegistry   rawSpec: '',
26 silly mapToRegistry   spec: 'latest',
26 silly mapToRegistry   type: 'tag' }
27 silly mapToRegistry uri https://registry.npmjs.org/mixin-interface
28 verbose publish registryBase https://registry.npmjs.org/
29 silly publish uploading C:\Users\maruti\AppData\Roaming\npm-cache\mixin-interface\4.3.1\package.tgz
30 verbose request uri https://registry.npmjs.org/mixin-interface
31 verbose request sending authorization for write operation
32 info attempt registry request try #1 at 16:10:16
33 verbose request using bearer token for auth
34 verbose request id 2781bccb0cd3ae4f
35 http request PUT https://registry.npmjs.org/mixin-interface
36 http 403 https://registry.npmjs.org/mixin-interface
37 verbose headers { 'content-type': 'application/json',
37 verbose headers   'cache-control': 'max-age=300',
37 verbose headers   'content-length': '95',
37 verbose headers   'accept-ranges': 'bytes',
37 verbose headers   date: 'Thu, 02 Feb 2017 15:10:17 GMT',
37 verbose headers   via: '1.1 varnish',
37 verbose headers   connection: 'keep-alive',
37 verbose headers   'x-served-by': 'cache-ams4426-AMS',
37 verbose headers   'x-cache': 'MISS',
37 verbose headers   'x-cache-hits': '0',
37 verbose headers   'x-timer': 'S1486048215.988529,VS0,VE1090',
37 verbose headers   vary: 'Accept-Encoding' }
38 verbose request invalidating C:\Users\maruti\AppData\Roaming\npm-cache\registry.npmjs.org\mixin-interface on PUT
39 error publish Failed PUT 403
40 verbose stack Error: "You cannot publish over the previously published version 4.3.1." : mixin-interface
40 verbose stack     at makeError (C:\Program Files (x86)\nodejs\node_modules\npm\node_modules\npm-registry-client\lib\request.js:302:12)
40 verbose stack     at CachingRegistryClient.<anonymous> (C:\Program Files (x86)\nodejs\node_modules\npm\node_modules\npm-registry-client\lib\request.js:290:14)
40 verbose stack     at Request._callback (C:\Program Files (x86)\nodejs\node_modules\npm\node_modules\npm-registry-client\lib\request.js:210:14)
40 verbose stack     at Request.self.callback (C:\Program Files (x86)\nodejs\node_modules\npm\node_modules\request\request.js:187:22)
40 verbose stack     at emitTwo (events.js:106:13)
40 verbose stack     at Request.emit (events.js:191:7)
40 verbose stack     at Request.<anonymous> (C:\Program Files (x86)\nodejs\node_modules\npm\node_modules\request\request.js:1048:10)
40 verbose stack     at emitOne (events.js:96:13)
40 verbose stack     at Request.emit (events.js:188:7)
40 verbose stack     at IncomingMessage.<anonymous> (C:\Program Files (x86)\nodejs\node_modules\npm\node_modules\request\request.js:969:12)
41 verbose statusCode 403
42 verbose pkgid mixin-interface
43 verbose cwd D:\001_Lab\000_KL_Lab\_git_pub\mixin-interface
44 error Windows_NT 6.1.7601
45 error argv "C:\\Program Files (x86)\\nodejs\\node.exe" "C:\\Program Files (x86)\\nodejs\\node_modules\\npm\\bin\\npm-cli.js" "publis"
46 error node v7.2.1
47 error npm  v3.10.10
48 error code E403
49 error "You cannot publish over the previously published version 4.3.1." : mixin-interface
50 error If you need help, you may report this error at:
50 error     <https://github.com/npm/npm/issues>
51 verbose exit [ 1, true ]
